#
# There is insufficient memory for the Java Runtime Environment to continue.
# Native memory allocation (mmap) failed to map 33554432 bytes for G1 virtual space
# Possible reasons:
#   The system is out of physical RAM or swap space
#   The process is running with CompressedOops enabled, and the Java Heap may be blocking the growth of the native heap
# Possible solutions:
#   Reduce memory load on the system
#   Increase physical memory or swap space
#   Check if swap backing store is full
#   Decrease Java heap size (-Xmx/-Xms)
#   Decrease number of Java threads
#   Decrease Java thread stack sizes (-Xss)
#   Set larger code cache with -XX:ReservedCodeCacheSize=
#   JVM is running with Unscaled Compressed Oops mode in which the Java heap is
#     placed in the first 4GB address space. The Java Heap base address is the
#     maximum limit for the native heap growth. Please use -XX:HeapBaseMinAddress
#     to set the Java Heap base and to place the Java Heap above 4GB virtual address.
# This output file may be truncated or incomplete.
#
#  Out of Memory Error (os_windows.cpp:3469), pid=28764, tid=24124
#
# JRE version: Java(TM) SE Runtime Environment (17.0+35) (build 17+35-LTS-2724)
# Java VM: Java HotSpot(TM) 64-Bit Server VM (17+35-LTS-2724, mixed mode, emulated-client, sharing, tiered, compressed oops, compressed class ptrs, g1 gc, windows-amd64)
# No core dump will be written. Minidumps are not enabled by default on client versions of Windows
#

---------------  S U M M A R Y ------------

Command Line: -XX:TieredStopAtLevel=1 -Dspring.output.ansi.enabled=always -Dcom.sun.management.jmxremote -Dspring.jmx.enabled=true -Dspring.liveBeansView.mbeanDomain -Dspring.application.admin.enabled=true -Dmanagement.endpoints.jmx.exposure.include=* -javaagent:C:\Program Files\JetBrains\IntelliJ IDEA 2023.2.2\lib\idea_rt.jar=58629:C:\Program Files\JetBrains\IntelliJ IDEA 2023.2.2\bin -Dfile.encoding=UTF-8 exadel.budgetify.Budgetify.BudgetifyApplication

Host: 11th Gen Intel(R) Core(TM) i7-1165G7 @ 2.80GHz, 8 cores, 7G,  Windows 10 , 64 bit Build 22621 (10.0.22621.3235)
Time: Sat Mar 30 20:28:48 2024 Georgian Standard Time elapsed time: 3.646402 seconds (0d 0h 0m 3s)

---------------  T H R E A D  ---------------

Current thread (0x000002667ec88830):  VMThread "VM Thread" [stack: 0x0000007b42500000,0x0000007b42600000] [id=24124]

Stack: [0x0000007b42500000,0x0000007b42600000]
Native frames: (J=compiled Java code, j=interpreted, Vv=VM code, C=native code)
V  [jvm.dll+0x66f8ea]
V  [jvm.dll+0x7ce224]
V  [jvm.dll+0x7cf9ce]
V  [jvm.dll+0x7d0033]
V  [jvm.dll+0x242bb5]
V  [jvm.dll+0x66c909]
V  [jvm.dll+0x6613d2]
V  [jvm.dll+0x30082b]
V  [jvm.dll+0x307db6]
V  [jvm.dll+0x357a0e]
V  [jvm.dll+0x357c3f]
V  [jvm.dll+0x2d7ae8]
V  [jvm.dll+0x2d5db4]
V  [jvm.dll+0x2d53bc]
V  [jvm.dll+0x318d1b]
V  [jvm.dll+0x7d44cb]
V  [jvm.dll+0x7d5204]
V  [jvm.dll+0x7d571c]
V  [jvm.dll+0x7d5af4]
V  [jvm.dll+0x7d5bc0]
V  [jvm.dll+0x77e7ea]
V  [jvm.dll+0x66e715]
C  [ucrtbase.dll+0x29363]
C  [KERNEL32.DLL+0x1257d]
C  [ntdll.dll+0x5aa58]

VM_Operation (0x0000007b41ff7c10): G1CollectForAllocation, mode: safepoint, requested by thread 0x000002666ef046b0


---------------  P R O C E S S  ---------------

Threads class SMR info:
_java_thread_list=0x00000266035e0d00, length=23, elements={
0x000002666ef046b0, 0x000002667ec8d820, 0x000002667ec91300, 0x000002667ec9fa30,
0x000002667eca0900, 0x000002667eca21d0, 0x000002667eca6ab0, 0x000002667eca7780,
0x000002667eca8080, 0x000002667f875050, 0x000002667ed1e620, 0x000002667ec7bc70,
0x000002667f872030, 0x000002667f872500, 0x000002667f873370, 0x000002667f8759f0,
0x000002667f875520, 0x000002667f872ea0, 0x000002667f8746b0, 0x000002667f873840,
0x000002667f874b80, 0x000002667f873d10, 0x000002667f8741e0
}

Java Threads: ( => current thread )
  0x000002666ef046b0 JavaThread "main" [_thread_blocked, id=24136, stack(0x0000007b41f00000,0x0000007b42000000)]
  0x000002667ec8d820 JavaThread "Reference Handler" daemon [_thread_blocked, id=31160, stack(0x0000007b42600000,0x0000007b42700000)]
  0x000002667ec91300 JavaThread "Finalizer" daemon [_thread_blocked, id=19120, stack(0x0000007b42700000,0x0000007b42800000)]
  0x000002667ec9fa30 JavaThread "Signal Dispatcher" daemon [_thread_blocked, id=25528, stack(0x0000007b42800000,0x0000007b42900000)]
  0x000002667eca0900 JavaThread "Attach Listener" daemon [_thread_blocked, id=16696, stack(0x0000007b42900000,0x0000007b42a00000)]
  0x000002667eca21d0 JavaThread "Service Thread" daemon [_thread_blocked, id=17916, stack(0x0000007b42a00000,0x0000007b42b00000)]
  0x000002667eca6ab0 JavaThread "Monitor Deflation Thread" daemon [_thread_blocked, id=32204, stack(0x0000007b42b00000,0x0000007b42c00000)]
  0x000002667eca7780 JavaThread "C1 CompilerThread0" daemon [_thread_blocked, id=11308, stack(0x0000007b42c00000,0x0000007b42d00000)]
  0x000002667eca8080 JavaThread "Sweeper thread" daemon [_thread_blocked, id=17704, stack(0x0000007b42d00000,0x0000007b42e00000)]
  0x000002667f875050 JavaThread "Common-Cleaner" daemon [_thread_blocked, id=10976, stack(0x0000007b42e00000,0x0000007b42f00000)]
  0x000002667ed1e620 JavaThread "C1 CompilerThread1" daemon [_thread_blocked, id=29520, stack(0x0000007b42f00000,0x0000007b43000000)]
  0x000002667ec7bc70 JavaThread "C1 CompilerThread2" daemon [_thread_blocked, id=30544, stack(0x0000007b43000000,0x0000007b43100000)]
  0x000002667f872030 JavaThread "Monitor Ctrl-Break" daemon [_thread_in_native, id=6764, stack(0x0000007b43100000,0x0000007b43200000)]
  0x000002667f872500 JavaThread "Notification Thread" daemon [_thread_blocked, id=24496, stack(0x0000007b43200000,0x0000007b43300000)]
  0x000002667f873370 JavaThread "RMI TCP Accept-0" daemon [_thread_in_native, id=28404, stack(0x0000007b43300000,0x0000007b43400000)]
  0x000002667f8759f0 JavaThread "RMI TCP Connection(1)-192.168.0.165" daemon [_thread_in_native, id=24540, stack(0x0000007b43c00000,0x0000007b43d00000)]
  0x000002667f875520 JavaThread "RMI Scheduler(0)" daemon [_thread_blocked, id=30692, stack(0x0000007b43e00000,0x0000007b43f00000)]
  0x000002667f872ea0 JavaThread "Catalina-utility-1" [_thread_blocked, id=14500, stack(0x0000007b44000000,0x0000007b44100000)]
  0x000002667f8746b0 JavaThread "Catalina-utility-2" [_thread_blocked, id=2672, stack(0x0000007b44100000,0x0000007b44200000)]
  0x000002667f873840 JavaThread "container-0" [_thread_blocked, id=17736, stack(0x0000007b44200000,0x0000007b44300000)]
  0x000002667f874b80 JavaThread "mysql-cj-abandoned-connection-cleanup" daemon [_thread_blocked, id=1468, stack(0x0000007b44300000,0x0000007b44400000)]
  0x000002667f873d10 JavaThread "HikariPool-1 housekeeper" daemon [_thread_blocked, id=11680, stack(0x0000007b44500000,0x0000007b44600000)]
  0x000002667f8741e0 JavaThread "HikariPool-1 connection adder" daemon [_thread_blocked, id=29988, stack(0x0000007b44600000,0x0000007b44700000)]

Other Threads:
=>0x000002667ec88830 VMThread "VM Thread" [stack: 0x0000007b42500000,0x0000007b42600000] [id=24124]
  0x000002666ef5f080 WatcherThread [stack: 0x0000007b43400000,0x0000007b43500000] [id=23140]
  0x000002666ef44bd0 GCTaskThread "GC Thread#0" [stack: 0x0000007b42000000,0x0000007b42100000] [id=8056]
  0x00000266024d9d90 GCTaskThread "GC Thread#1" [stack: 0x0000007b43500000,0x0000007b43600000] [id=21912]
  0x00000266024e11f0 GCTaskThread "GC Thread#2" [stack: 0x0000007b43600000,0x0000007b43700000] [id=10448]
  0x000002660252a550 GCTaskThread "GC Thread#3" [stack: 0x0000007b43700000,0x0000007b43800000] [id=32040]
  0x000002660252b810 GCTaskThread "GC Thread#4" [stack: 0x0000007b43800000,0x0000007b43900000] [id=2028]
  0x000002660252bac0 GCTaskThread "GC Thread#5" [stack: 0x0000007b43900000,0x0000007b43a00000] [id=27616]
  0x000002660252bd70 GCTaskThread "GC Thread#6" [stack: 0x0000007b43a00000,0x0000007b43b00000] [id=15792]
  0x00000266027c85f0 GCTaskThread "GC Thread#7" [stack: 0x0000007b43d00000,0x0000007b43e00000] [id=14480]
  0x000002666ef563c0 ConcurrentGCThread "G1 Main Marker" [stack: 0x0000007b42100000,0x0000007b42200000] [id=11456]
  0x000002666ef58490 ConcurrentGCThread "G1 Conc#0" [stack: 0x0000007b42200000,0x0000007b42300000] [id=23596]
  0x00000266035b8f30 ConcurrentGCThread "G1 Conc#1" [stack: 0x0000007b43f00000,0x0000007b44000000] [id=19708]
  0x000002666efbdc20 ConcurrentGCThread "G1 Refine#0" [stack: 0x0000007b42300000,0x0000007b42400000] [id=28564]
  0x00000266024d5730 ConcurrentGCThread "G1 Refine#1" [stack: 0x0000007b43b00000,0x0000007b43c00000] [id=16312]
  0x000002666efbe550 ConcurrentGCThread "G1 Service" [stack: 0x0000007b42400000,0x0000007b42500000] [id=31140]

Threads with active compile tasks:

VM state: at safepoint (normal execution)

VM Mutex/Monitor currently owned by a thread:  ([mutex/lock_event])
[0x000002666ef022a0] Threads_lock - owner thread: 0x000002667ec88830
[0x000002666ef020f0] Heap_lock - owner thread: 0x000002666ef046b0

Heap address: 0x0000000083a00000, size: 1990 MB, Compressed Oops mode: 32-bit

CDS archive(s) mapped at: [0x0000000800000000-0x0000000800bc0000-0x0000000800bc0000), size 12320768, SharedBaseAddress: 0x0000000800000000, ArchiveRelocationMode: 0.
Compressed class space mapped at: 0x0000000800c00000-0x0000000840c00000, reserved size: 1073741824
Narrow klass base: 0x0000000800000000, Narrow klass shift: 0, Narrow klass range: 0x100000000

GC Precious Log:
 CPUs: 8 total, 8 available
 Memory: 7957M
 Large Page Support: Disabled
 NUMA Support: Disabled
 Compressed Oops: Enabled (32-bit)
 Heap Region Size: 1M
 Heap Min Capacity: 8M
 Heap Initial Capacity: 126M
 Heap Max Capacity: 1990M
 Pre-touch: Disabled
 Parallel Workers: 8
 Concurrent Workers: 2
 Concurrent Refinement Workers: 8
 Periodic GC: Disabled

Heap:
 garbage-first heap   total 68608K, used 22603K [0x0000000083a00000, 0x0000000100000000)
  region size 1024K, 2 young (2048K), 2 survivors (2048K)
 Metaspace       used 51280K, committed 51776K, reserved 1097728K
  class space    used 7229K, committed 7424K, reserved 1048576K

Heap Regions: E=young(eden), S=young(survivor), O=old, HS=humongous(starts), HC=humongous(continues), CS=collection set, F=free, OA=open archive, CA=closed archive, TAMS=top-at-mark-start (previous, next)
|   0|0x0000000083a00000, 0x0000000083b00000, 0x0000000083b00000|100%|HS|  |TAMS 0x0000000083b00000, 0x0000000083a00000| Complete 
|   1|0x0000000083b00000, 0x0000000083c00000, 0x0000000083c00000|100%| O|  |TAMS 0x0000000083c00000, 0x0000000083b00000| Untracked 
|   2|0x0000000083c00000, 0x0000000083d00000, 0x0000000083d00000|100%| O|  |TAMS 0x0000000083d00000, 0x0000000083c00000| Untracked 
|   3|0x0000000083d00000, 0x0000000083e00000, 0x0000000083e00000|100%| O|  |TAMS 0x0000000083e00000, 0x0000000083d00000| Untracked 
|   4|0x0000000083e00000, 0x0000000083f00000, 0x0000000083f00000|100%| O|  |TAMS 0x0000000083f00000, 0x0000000083e00000| Untracked 
|   5|0x0000000083f00000, 0x0000000084000000, 0x0000000084000000|100%| O|  |TAMS 0x0000000084000000, 0x0000000083f00000| Untracked 
|   6|0x0000000084000000, 0x0000000084100000, 0x0000000084100000|100%| O|  |TAMS 0x0000000084000000, 0x0000000084000000| Untracked 
|   7|0x0000000084100000, 0x0000000084200000, 0x0000000084200000|100%| O|  |TAMS 0x0000000084200000, 0x0000000084100000| Untracked 
|   8|0x0000000084200000, 0x0000000084300000, 0x0000000084300000|100%| O|  |TAMS 0x0000000084300000, 0x0000000084200000| Untracked 
|   9|0x0000000084300000, 0x0000000084400000, 0x0000000084400000|100%| O|  |TAMS 0x0000000084400000, 0x0000000084300000| Untracked 
|  10|0x0000000084400000, 0x0000000084500000, 0x0000000084500000|100%| O|  |TAMS 0x0000000084500000, 0x0000000084400000| Untracked 
|  11|0x0000000084500000, 0x0000000084600000, 0x0000000084600000|100%| O|  |TAMS 0x0000000084600000, 0x0000000084500000| Untracked 
|  12|0x0000000084600000, 0x0000000084700000, 0x0000000084700000|100%| O|  |TAMS 0x0000000084700000, 0x0000000084600000| Untracked 
|  13|0x0000000084700000, 0x0000000084800000, 0x0000000084800000|100%| O|  |TAMS 0x0000000084800000, 0x0000000084700000| Untracked 
|  14|0x0000000084800000, 0x0000000084900000, 0x0000000084900000|100%| O|  |TAMS 0x0000000084900000, 0x0000000084800000| Untracked 
|  15|0x0000000084900000, 0x0000000084a00000, 0x0000000084a00000|100%| O|  |TAMS 0x0000000084900000, 0x0000000084900000| Untracked 
|  16|0x0000000084a00000, 0x0000000084b00000, 0x0000000084b00000|100%| O|  |TAMS 0x0000000084a00000, 0x0000000084a00000| Untracked 
|  17|0x0000000084b00000, 0x0000000084c00000, 0x0000000084c00000|100%| O|  |TAMS 0x0000000084b00000, 0x0000000084b00000| Untracked 
|  18|0x0000000084c00000, 0x0000000084d00000, 0x0000000084d00000|100%| O|  |TAMS 0x0000000084c00000, 0x0000000084c00000| Untracked 
|  19|0x0000000084d00000, 0x0000000084d00000, 0x0000000084e00000|  0%| F|  |TAMS 0x0000000084d00000, 0x0000000084d00000| Untracked 
|  20|0x0000000084e00000, 0x0000000084f00000, 0x0000000084f00000|100%| O|  |TAMS 0x0000000084e4d400, 0x0000000084e00000| Untracked 
|  21|0x0000000084f00000, 0x0000000084fa3400, 0x0000000085000000| 63%| O|  |TAMS 0x0000000084f00000, 0x0000000084f00000| Untracked 
|  22|0x0000000085000000, 0x0000000085000000, 0x0000000085100000|  0%| F|  |TAMS 0x0000000085000000, 0x0000000085000000| Untracked 
|  23|0x0000000085100000, 0x0000000085100000, 0x0000000085200000|  0%| F|  |TAMS 0x0000000085100000, 0x0000000085100000| Untracked 
|  24|0x0000000085200000, 0x0000000085200000, 0x0000000085300000|  0%| F|  |TAMS 0x0000000085200000, 0x0000000085200000| Untracked 
|  25|0x0000000085300000, 0x0000000085300000, 0x0000000085400000|  0%| F|  |TAMS 0x0000000085300000, 0x0000000085300000| Untracked 
|  26|0x0000000085400000, 0x0000000085400000, 0x0000000085500000|  0%| F|  |TAMS 0x0000000085400000, 0x0000000085400000| Untracked 
|  27|0x0000000085500000, 0x0000000085500000, 0x0000000085600000|  0%| F|  |TAMS 0x0000000085500000, 0x0000000085500000| Untracked 
|  28|0x0000000085600000, 0x0000000085600000, 0x0000000085700000|  0%| F|  |TAMS 0x0000000085600000, 0x0000000085600000| Untracked 
|  29|0x0000000085700000, 0x0000000085700000, 0x0000000085800000|  0%| F|  |TAMS 0x0000000085700000, 0x0000000085700000| Untracked 
|  30|0x0000000085800000, 0x0000000085800000, 0x0000000085900000|  0%| F|  |TAMS 0x0000000085800000, 0x0000000085800000| Untracked 
|  31|0x0000000085900000, 0x0000000085900000, 0x0000000085a00000|  0%| F|  |TAMS 0x0000000085900000, 0x0000000085900000| Untracked 
|  32|0x0000000085a00000, 0x0000000085a00000, 0x0000000085b00000|  0%| F|  |TAMS 0x0000000085a00000, 0x0000000085a00000| Untracked 
|  33|0x0000000085b00000, 0x0000000085b6f918, 0x0000000085c00000| 43%| S|CS|TAMS 0x0000000085b00000, 0x0000000085b00000| Complete 
|  34|0x0000000085c00000, 0x0000000085d00000, 0x0000000085d00000|100%| S|CS|TAMS 0x0000000085c00000, 0x0000000085c00000| Complete 
|  35|0x0000000085d00000, 0x0000000085d00000, 0x0000000085e00000|  0%| F|  |TAMS 0x0000000085d00000, 0x0000000085d00000| Untracked 
|  36|0x0000000085e00000, 0x0000000085e00000, 0x0000000085f00000|  0%| F|  |TAMS 0x0000000085e00000, 0x0000000085e00000| Untracked 
|  37|0x0000000085f00000, 0x0000000085f00000, 0x0000000086000000|  0%| F|  |TAMS 0x0000000085f00000, 0x0000000085f00000| Untracked 
|  38|0x0000000086000000, 0x0000000086000000, 0x0000000086100000|  0%| F|  |TAMS 0x0000000086000000, 0x0000000086000000| Untracked 
|  39|0x0000000086100000, 0x0000000086100000, 0x0000000086200000|  0%| F|  |TAMS 0x0000000086100000, 0x0000000086100000| Untracked 
|  40|0x0000000086200000, 0x0000000086200000, 0x0000000086300000|  0%| F|  |TAMS 0x0000000086200000, 0x0000000086200000| Untracked 
|  41|0x0000000086300000, 0x0000000086300000, 0x0000000086400000|  0%| F|  |TAMS 0x0000000086300000, 0x0000000086300000| Untracked 
|  42|0x0000000086400000, 0x0000000086400000, 0x0000000086500000|  0%| F|  |TAMS 0x0000000086400000, 0x0000000086400000| Untracked 
|  43|0x0000000086500000, 0x0000000086500000, 0x0000000086600000|  0%| F|  |TAMS 0x0000000086500000, 0x0000000086500000| Untracked 
|  44|0x0000000086600000, 0x0000000086600000, 0x0000000086700000|  0%| F|  |TAMS 0x0000000086600000, 0x0000000086600000| Untracked 
|  45|0x0000000086700000, 0x0000000086700000, 0x0000000086800000|  0%| F|  |TAMS 0x0000000086700000, 0x0000000086700000| Untracked 
|  46|0x0000000086800000, 0x0000000086800000, 0x0000000086900000|  0%| F|  |TAMS 0x0000000086800000, 0x0000000086800000| Untracked 
|  47|0x0000000086900000, 0x0000000086900000, 0x0000000086a00000|  0%| F|  |TAMS 0x0000000086900000, 0x0000000086900000| Untracked 
|  48|0x0000000086a00000, 0x0000000086a00000, 0x0000000086b00000|  0%| F|  |TAMS 0x0000000086a00000, 0x0000000086a00000| Untracked 
|  49|0x0000000086b00000, 0x0000000086b00000, 0x0000000086c00000|  0%| F|  |TAMS 0x0000000086b00000, 0x0000000086b00000| Untracked 
|  50|0x0000000086c00000, 0x0000000086c00000, 0x0000000086d00000|  0%| F|  |TAMS 0x0000000086c00000, 0x0000000086c00000| Untracked 
|  51|0x0000000086d00000, 0x0000000086d00000, 0x0000000086e00000|  0%| F|  |TAMS 0x0000000086d00000, 0x0000000086d00000| Untracked 
|  52|0x0000000086e00000, 0x0000000086e00000, 0x0000000086f00000|  0%| F|  |TAMS 0x0000000086e00000, 0x0000000086e00000| Untracked 
|  53|0x0000000086f00000, 0x0000000086f00000, 0x0000000087000000|  0%| F|  |TAMS 0x0000000086f00000, 0x0000000086f00000| Untracked 
|  54|0x0000000087000000, 0x0000000087000000, 0x0000000087100000|  0%| F|  |TAMS 0x0000000087000000, 0x0000000087000000| Untracked 
|  55|0x0000000087100000, 0x0000000087100000, 0x0000000087200000|  0%| F|  |TAMS 0x0000000087100000, 0x0000000087100000| Untracked 
|  56|0x0000000087200000, 0x0000000087200000, 0x0000000087300000|  0%| F|  |TAMS 0x0000000087200000, 0x0000000087200000| Untracked 
|  57|0x0000000087300000, 0x0000000087300000, 0x0000000087400000|  0%| F|  |TAMS 0x0000000087300000, 0x0000000087300000| Untracked 
|  58|0x0000000087400000, 0x0000000087400000, 0x0000000087500000|  0%| F|  |TAMS 0x0000000087400000, 0x0000000087400000| Untracked 
|  91|0x0000000089500000, 0x0000000089500000, 0x0000000089600000|  0%| F|  |TAMS 0x0000000089500000, 0x0000000089500000| Untracked 
|  92|0x0000000089600000, 0x0000000089600000, 0x0000000089700000|  0%| F|  |TAMS 0x0000000089600000, 0x0000000089600000| Untracked 
|  93|0x0000000089700000, 0x0000000089700000, 0x0000000089800000|  0%| F|  |TAMS 0x0000000089700000, 0x0000000089700000| Untracked 
|  94|0x0000000089800000, 0x0000000089800000, 0x0000000089900000|  0%| F|  |TAMS 0x0000000089800000, 0x0000000089800000| Untracked 
|  95|0x0000000089900000, 0x0000000089900000, 0x0000000089a00000|  0%| F|  |TAMS 0x0000000089900000, 0x0000000089900000| Untracked 
|  96|0x0000000089a00000, 0x0000000089a00000, 0x0000000089b00000|  0%| F|  |TAMS 0x0000000089a00000, 0x0000000089a00000| Untracked 
|  97|0x0000000089b00000, 0x0000000089b00000, 0x0000000089c00000|  0%| F|  |TAMS 0x0000000089b00000, 0x0000000089b00000| Untracked 
| 125|0x000000008b700000, 0x000000008b700000, 0x000000008b800000|  0%| F|  |TAMS 0x000000008b700000, 0x000000008b700000| Untracked 

Card table byte_map: [0x0000026679bf0000,0x0000026679fe0000] _byte_map_base: 0x00000266797d3000

Marking Bits (Prev, Next): (CMBitMap*) 0x000002666ef46100, (CMBitMap*) 0x000002666ef46140
 Prev Bits: [0x000002667a3d0000, 0x000002667c2e8000)
 Next Bits: [0x000002667c2f0000, 0x000002667e208000)

Polling page: 0x000002666ceb0000

Metaspace:

Usage:
  Non-class:     43.02 MB used.
      Class:      7.06 MB used.
       Both:     50.08 MB used.

Virtual space:
  Non-class space:       48.00 MB reserved,      43.31 MB ( 90%) committed,  6 nodes.
      Class space:        1.00 GB reserved,       7.25 MB ( <1%) committed,  1 nodes.
             Both:        1.05 GB reserved,      50.56 MB (  5%) committed. 

Chunk freelists:
   Non-Class:  3.92 MB
       Class:  656.00 KB
        Both:  4.56 MB

MaxMetaspaceSize: unlimited
CompressedClassSpaceSize: 1.00 GB
Initial GC threshold: 21.00 MB
Current GC threshold: 59.31 MB
CDS: on
MetaspaceReclaimPolicy: balanced
 - commit_granule_bytes: 65536.
 - commit_granule_words: 8192.
 - virtual_space_node_default_size: 1048576.
 - enlarge_chunks_in_place: 1.
 - new_chunks_are_fully_committed: 0.
 - uncommit_free_chunks: 1.
 - use_allocation_guard: 0.
 - handle_deallocations: 1.


Internal statistics:

num_allocs_failed_limit: 6.
num_arena_births: 642.
num_arena_deaths: 0.
num_vsnodes_births: 7.
num_vsnodes_deaths: 0.
num_space_committed: 809.
num_space_uncommitted: 0.
num_chunks_returned_to_freelist: 6.
num_chunks_taken_from_freelist: 2372.
num_chunk_merges: 6.
num_chunk_splits: 1724.
num_chunks_enlarged: 1322.
num_purges: 0.
num_inconsistent_stats: 0.

CodeCache: size=49152Kb used=9631Kb max_used=9631Kb free=39520Kb
 bounds [0x00000266766f0000, 0x0000026677060000, 0x00000266796f0000]
 total_blobs=5316 nmethods=4690 adapters=551
 compilation: enabled
              stopped_count=0, restarted_count=0
 full_count=0

Compilation events (20 events):
Event: 3.642 Thread 0x000002667ed1e620 4682       1       net.bytebuddy.description.method.ParameterList$TypeSubstituting::<init> (20 bytes)
Event: 3.642 Thread 0x000002667ec7bc70 nmethod 4680 0x0000026677055690 code [0x0000026677055820, 0x00000266770558f8]
Event: 3.642 Thread 0x000002667ec7bc70 4683       1       net.bytebuddy.matcher.BooleanMatcher::matches (5 bytes)
Event: 3.642 Thread 0x000002667ec7bc70 nmethod 4683 0x0000026677055990 code [0x0000026677055b20, 0x0000026677055bf8]
Event: 3.642 Thread 0x000002667ec7bc70 4684       1       net.bytebuddy.matcher.ErasureMatcher::doMatch (9 bytes)
Event: 3.642 Thread 0x000002667ed1e620 nmethod 4682 0x0000026677055c90 code [0x0000026677055e20, 0x0000026677055ff8]
Event: 3.642 Thread 0x000002667ed1e620 4685       1       net.bytebuddy.matcher.ErasureMatcher::doMatch (16 bytes)
Event: 3.642 Thread 0x000002667eca7780 nmethod 4681 0x0000026677056090 code [0x0000026677056240, 0x00000266770564e8]
Event: 3.642 Thread 0x000002667eca7780 4686       1       net.bytebuddy.matcher.EqualityMatcher::matches (9 bytes)
Event: 3.642 Thread 0x000002667ec7bc70 nmethod 4684 0x0000026677056590 code [0x0000026677056740, 0x00000266770568b8]
Event: 3.642 Thread 0x000002667ed1e620 nmethod 4685 0x0000026677056990 code [0x0000026677056b40, 0x0000026677056c58]
Event: 3.642 Thread 0x000002667ec7bc70 4687       1       net.bytebuddy.matcher.DeclaringTypeMatcher::doMatch (9 bytes)
Event: 3.642 Thread 0x000002667ed1e620 4688       1       net.bytebuddy.matcher.DeclaringTypeMatcher::doMatch (35 bytes)
Event: 3.642 Thread 0x000002667eca7780 nmethod 4686 0x0000026677056d10 code [0x0000026677056ea0, 0x0000026677056f88]
Event: 3.642 Thread 0x000002667eca7780 4689       1       net.bytebuddy.description.type.TypeList$AbstractBase::<init> (5 bytes)
Event: 3.642 Thread 0x000002667eca7780 nmethod 4689 0x0000026677057010 code [0x00000266770571a0, 0x0000026677057278]
Event: 3.642 Thread 0x000002667ed1e620 nmethod 4688 0x0000026677057310 code [0x00000266770574c0, 0x0000026677057628]
Event: 3.642 Thread 0x000002667ec7bc70 nmethod 4687 0x0000026677057710 code [0x00000266770578c0, 0x0000026677057aa8]
Event: 3.642 Thread 0x000002667ec7bc70 4690       1       net.bytebuddy.description.method.MethodDescription$AbstractBase::isMethod (20 bytes)
Event: 3.642 Thread 0x000002667ec7bc70 nmethod 4690 0x0000026677057b90 code [0x0000026677057d40, 0x0000026677057e78]

GC Heap History (20 events):
Event: 1.151 GC heap after
{Heap after GC invocations=2 (full 0):
 garbage-first heap   total 129024K, used 9021K [0x0000000083a00000, 0x0000000100000000)
  region size 1024K, 2 young (2048K), 2 survivors (2048K)
 Metaspace       used 12996K, committed 13312K, reserved 1064960K
  class space    used 1723K, committed 1856K, reserved 1048576K
}
Event: 1.434 GC heap before
{Heap before GC invocations=2 (full 0):
 garbage-first heap   total 129024K, used 81725K [0x0000000083a00000, 0x0000000100000000)
  region size 1024K, 74 young (75776K), 2 survivors (2048K)
 Metaspace       used 17832K, committed 18112K, reserved 1064960K
  class space    used 2381K, committed 2496K, reserved 1048576K
}
Event: 1.440 GC heap after
{Heap after GC invocations=3 (full 0):
 garbage-first heap   total 129024K, used 11581K [0x0000000083a00000, 0x0000000100000000)
  region size 1024K, 5 young (5120K), 5 survivors (5120K)
 Metaspace       used 17832K, committed 18112K, reserved 1064960K
  class space    used 2381K, committed 2496K, reserved 1048576K
}
Event: 1.479 GC heap before
{Heap before GC invocations=3 (full 0):
 garbage-first heap   total 129024K, used 82237K [0x0000000083a00000, 0x0000000100000000)
  region size 1024K, 75 young (76800K), 5 survivors (5120K)
 Metaspace       used 18306K, committed 18624K, reserved 1064960K
  class space    used 2426K, committed 2560K, reserved 1048576K
}
Event: 1.483 GC heap after
{Heap after GC invocations=4 (full 0):
 garbage-first heap   total 129024K, used 11980K [0x0000000083a00000, 0x0000000100000000)
  region size 1024K, 5 young (5120K), 5 survivors (5120K)
 Metaspace       used 18306K, committed 18624K, reserved 1064960K
  class space    used 2426K, committed 2560K, reserved 1048576K
}
Event: 1.798 GC heap before
{Heap before GC invocations=4 (full 0):
 garbage-first heap   total 129024K, used 39628K [0x0000000083a00000, 0x0000000100000000)
  region size 1024K, 33 young (33792K), 5 survivors (5120K)
 Metaspace       used 21264K, committed 21504K, reserved 1073152K
  class space    used 2884K, committed 3008K, reserved 1048576K
}
Event: 1.804 GC heap after
{Heap after GC invocations=5 (full 0):
 garbage-first heap   total 129024K, used 13592K [0x0000000083a00000, 0x0000000100000000)
  region size 1024K, 7 young (7168K), 7 survivors (7168K)
 Metaspace       used 21264K, committed 21504K, reserved 1073152K
  class space    used 2884K, committed 3008K, reserved 1048576K
}
Event: 2.115 GC heap before
{Heap before GC invocations=6 (full 0):
 garbage-first heap   total 51200K, used 38168K [0x0000000083a00000, 0x0000000100000000)
  region size 1024K, 31 young (31744K), 7 survivors (7168K)
 Metaspace       used 24927K, committed 25344K, reserved 1073152K
  class space    used 3463K, committed 3648K, reserved 1048576K
}
Event: 2.123 GC heap after
{Heap after GC invocations=7 (full 0):
 garbage-first heap   total 68608K, used 15786K [0x0000000083a00000, 0x0000000100000000)
  region size 1024K, 4 young (4096K), 4 survivors (4096K)
 Metaspace       used 24927K, committed 25344K, reserved 1073152K
  class space    used 3463K, committed 3648K, reserved 1048576K
}
Event: 2.134 GC heap before
{Heap before GC invocations=7 (full 0):
 garbage-first heap   total 68608K, used 16810K [0x0000000083a00000, 0x0000000100000000)
  region size 1024K, 5 young (5120K), 4 survivors (4096K)
 Metaspace       used 25004K, committed 25408K, reserved 1073152K
  class space    used 3475K, committed 3648K, reserved 1048576K
}
Event: 2.140 GC heap after
{Heap after GC invocations=8 (full 0):
 garbage-first heap   total 68608K, used 16531K [0x0000000083a00000, 0x0000000100000000)
  region size 1024K, 1 young (1024K), 1 survivors (1024K)
 Metaspace       used 25004K, committed 25408K, reserved 1073152K
  class space    used 3475K, committed 3648K, reserved 1048576K
}
Event: 2.509 GC heap before
{Heap before GC invocations=8 (full 0):
 garbage-first heap   total 68608K, used 51347K [0x0000000083a00000, 0x0000000100000000)
  region size 1024K, 35 young (35840K), 1 survivors (1024K)
 Metaspace       used 30951K, committed 31424K, reserved 1081344K
  class space    used 4307K, committed 4480K, reserved 1048576K
}
Event: 2.512 GC heap after
{Heap after GC invocations=9 (full 0):
 garbage-first heap   total 68608K, used 18011K [0x0000000083a00000, 0x0000000100000000)
  region size 1024K, 3 young (3072K), 3 survivors (3072K)
 Metaspace       used 30951K, committed 31424K, reserved 1081344K
  class space    used 4307K, committed 4480K, reserved 1048576K
}
Event: 2.762 GC heap before
{Heap before GC invocations=9 (full 0):
 garbage-first heap   total 68608K, used 35419K [0x0000000083a00000, 0x0000000100000000)
  region size 1024K, 21 young (21504K), 3 survivors (3072K)
 Metaspace       used 35636K, committed 36096K, reserved 1081344K
  class space    used 4983K, committed 5248K, reserved 1048576K
}
Event: 2.764 GC heap after
{Heap after GC invocations=10 (full 0):
 garbage-first heap   total 68608K, used 19278K [0x0000000083a00000, 0x0000000100000000)
  region size 1024K, 4 young (4096K), 4 survivors (4096K)
 Metaspace       used 35636K, committed 36096K, reserved 1081344K
  class space    used 4983K, committed 5248K, reserved 1048576K
}
Event: 3.225 GC heap before
{Heap before GC invocations=11 (full 0):
 garbage-first heap   total 68608K, used 52046K [0x0000000083a00000, 0x0000000100000000)
  region size 1024K, 36 young (36864K), 4 survivors (4096K)
 Metaspace       used 44511K, committed 44992K, reserved 1089536K
  class space    used 6179K, committed 6400K, reserved 1048576K
}
Event: 3.228 GC heap after
{Heap after GC invocations=12 (full 0):
 garbage-first heap   total 68608K, used 21315K [0x0000000083a00000, 0x0000000100000000)
  region size 1024K, 4 young (4096K), 4 survivors (4096K)
 Metaspace       used 44511K, committed 44992K, reserved 1089536K
  class space    used 6179K, committed 6400K, reserved 1048576K
}
Event: 3.237 GC heap before
{Heap before GC invocations=12 (full 0):
 garbage-first heap   total 68608K, used 22339K [0x0000000083a00000, 0x0000000100000000)
  region size 1024K, 5 young (5120K), 4 survivors (4096K)
 Metaspace       used 44511K, committed 44992K, reserved 1089536K
  class space    used 6179K, committed 6400K, reserved 1048576K
}
Event: 3.240 GC heap after
{Heap after GC invocations=13 (full 0):
 garbage-first heap   total 68608K, used 21597K [0x0000000083a00000, 0x0000000100000000)
  region size 1024K, 1 young (1024K), 1 survivors (1024K)
 Metaspace       used 44511K, committed 44992K, reserved 1089536K
  class space    used 6179K, committed 6400K, reserved 1048576K
}
Event: 3.643 GC heap before
{Heap before GC invocations=13 (full 0):
 garbage-first heap   total 68608K, used 52317K [0x0000000083a00000, 0x0000000100000000)
  region size 1024K, 32 young (32768K), 1 survivors (1024K)
 Metaspace       used 51280K, committed 51776K, reserved 1097728K
  class space    used 7229K, committed 7424K, reserved 1048576K
}

Deoptimization events (18 events):
Event: 0.507 Thread 0x000002666ef046b0 DEOPT PACKING pc=0x0000026676968885 sp=0x0000007b41ffe050
Event: 0.507 Thread 0x000002666ef046b0 DEOPT UNPACKING pc=0x0000026676746763 sp=0x0000007b41ffd5b0 mode 3
Event: 0.647 Thread 0x000002666ef046b0 DEOPT PACKING pc=0x00000266769cb7f5 sp=0x0000007b41ffd9c0
Event: 0.647 Thread 0x000002666ef046b0 DEOPT UNPACKING pc=0x0000026676746763 sp=0x0000007b41ffce18 mode 3
Event: 1.164 Thread 0x000002666ef046b0 DEOPT PACKING pc=0x0000026676bd1199 sp=0x0000007b41ffd560
Event: 1.164 Thread 0x000002666ef046b0 DEOPT UNPACKING pc=0x0000026676746763 sp=0x0000007b41ffca40 mode 3
Event: 1.323 Thread 0x000002666ef046b0 DEOPT PACKING pc=0x0000026676c2c455 sp=0x0000007b41ffdb70
Event: 1.323 Thread 0x000002666ef046b0 DEOPT UNPACKING pc=0x0000026676746763 sp=0x0000007b41ffd018 mode 3
Event: 1.966 Thread 0x000002666ef046b0 DEOPT PACKING pc=0x0000026676e1a8c0 sp=0x0000007b41ffcb90
Event: 1.966 Thread 0x000002666ef046b0 DEOPT UNPACKING pc=0x0000026676746763 sp=0x0000007b41ffc000 mode 3
Event: 2.029 Thread 0x000002666ef046b0 DEOPT PACKING pc=0x0000026676d7c5ec sp=0x0000007b41ffd380
Event: 2.029 Thread 0x000002666ef046b0 DEOPT UNPACKING pc=0x0000026676746763 sp=0x0000007b41ffc838 mode 0
Event: 2.312 Thread 0x000002666ef046b0 DEOPT PACKING pc=0x0000026676e9469d sp=0x0000007b41ffc950
Event: 2.312 Thread 0x000002666ef046b0 DEOPT UNPACKING pc=0x0000026676746763 sp=0x0000007b41ffbeb8 mode 3
Event: 2.326 Thread 0x000002666ef046b0 DEOPT PACKING pc=0x0000026676c1a101 sp=0x0000007b41ffea20
Event: 2.326 Thread 0x000002666ef046b0 DEOPT UNPACKING pc=0x0000026676746763 sp=0x0000007b41ffdeb0 mode 3
Event: 2.326 Thread 0x000002667f8746b0 DEOPT PACKING pc=0x0000026676bb6d17 sp=0x0000007b441fed30
Event: 2.326 Thread 0x000002667f8746b0 DEOPT UNPACKING pc=0x0000026676746763 sp=0x0000007b441fe188 mode 3

Classes unloaded (0 events):
No events

Classes redefined (0 events):
No events

Internal exceptions (20 events):
Event: 2.148 Thread 0x000002666ef046b0 Exception <a 'java/lang/NoSuchMethodError'{0x000000008b7ea840}: 'void java.lang.invoke.DirectMethodHandle$Holder.invokeStatic(java.lang.Object, java.lang.Object, java.lang.Object, int, java.lang.Object)'> (0x000000008b7ea840) 
thrown [t:\workspace\open\src\hotspot\share\interpreter\linkResolver.cpp, line 766]
Event: 2.148 Thread 0x000002666ef046b0 Exception <a 'java/lang/NoSuchMethodError'{0x000000008b7f1cc0}: 'java.lang.Object java.lang.invoke.DirectMethodHandle$Holder.newInvokeSpecial(java.lang.Object, java.lang.Object, java.lang.Object, int)'> (0x000000008b7f1cc0) 
thrown [t:\workspace\open\src\hotspot\share\interpreter\linkResolver.cpp, line 766]
Event: 2.148 Thread 0x000002666ef046b0 Exception <a 'java/lang/NoSuchMethodError'{0x000000008b7f5fa8}: 'java.lang.Object java.lang.invoke.DirectMethodHandle$Holder.invokeSpecial(java.lang.Object, java.lang.Object, java.lang.Object, java.lang.Object, int)'> (0x000000008b7f5fa8) 
thrown [t:\workspace\open\src\hotspot\share\interpreter\linkResolver.cpp, line 766]
Event: 2.148 Thread 0x000002666ef046b0 Exception <a 'java/lang/NoSuchMethodError'{0x000000008b7f9b70}: 'java.lang.Object java.lang.invoke.Invokers$Holder.linkToTargetMethod(java.lang.Object, java.lang.Object, int, java.lang.Object)'> (0x000000008b7f9b70) 
thrown [t:\workspace\open\src\hotspot\share\interpreter\linkResolver.cpp, line 766]
Event: 2.190 Thread 0x000002667f8759f0 Exception <a 'java/lang/reflect/InvocationTargetException'{0x0000000089509758}> (0x0000000089509758) 
thrown [t:\workspace\open\src\hotspot\share\runtime\reflection.cpp, line 1121]
Event: 2.245 Thread 0x000002666ef046b0 Exception <a 'java/lang/NoSuchMethodError'{0x00000000871aef68}: 'java.lang.Object java.lang.invoke.DirectMethodHandle$Holder.invokeSpecial(java.lang.Object, java.lang.Object, long, java.lang.Object, java.lang.Object, java.lang.Object, java.lang.Object, java.lang.Object, java.lang.Object)'> (0x00000000871aef68) 
thrown [t:\workspace\open\src\hotspot\share\interpreter\linkResolver.cpp, line 766]
Event: 2.245 Thread 0x000002666ef046b0 Exception <a 'java/lang/NoSuchMethodError'{0x00000000871b3a90}: 'java.lang.Object java.lang.invoke.DelegatingMethodHandle$Holder.reinvoke_L(java.lang.Object, long, java.lang.Object, java.lang.Object, java.lang.Object, java.lang.Object, java.lang.Object, java.lang.Object)'> (0x00000000871b3a90) 
thrown [t:\workspace\open\src\hotspot\share\interpreter\linkResolver.cpp, line 766]
Event: 2.266 Thread 0x000002666ef046b0 Exception <a 'java/io/FileNotFoundException'{0x0000000086f156e8}> (0x0000000086f156e8) 
thrown [t:\workspace\open\src\hotspot\share\prims\jni.cpp, line 516]
Event: 2.284 Thread 0x000002666ef046b0 Exception <a 'java/lang/NoSuchMethodError'{0x0000000086d4e888}: 'int java.lang.invoke.DirectMethodHandle$Holder.invokeInterface(java.lang.Object, java.lang.Object, java.lang.Object, java.lang.Object)'> (0x0000000086d4e888) 
thrown [t:\workspace\open\src\hotspot\share\interpreter\linkResolver.cpp, line 766]
Event: 2.316 Thread 0x000002666ef046b0 Exception <a 'java/lang/NoSuchMethodError'{0x0000000086a35f88}: 'long java.lang.invoke.DirectMethodHandle$Holder.invokeVirtual(java.lang.Object, java.lang.Object)'> (0x0000000086a35f88) 
thrown [t:\workspace\open\src\hotspot\share\interpreter\linkResolver.cpp, line 766]
Event: 2.369 Thread 0x000002666ef046b0 Exception <a 'sun/nio/fs/WindowsException'{0x00000000864facd0}> (0x00000000864facd0) 
thrown [t:\workspace\open\src\hotspot\share\prims\jni.cpp, line 516]
Event: 2.697 Thread 0x000002666ef046b0 Exception <a 'java/lang/NoSuchMethodError'{0x000000008705a1f0}: 'int java.lang.invoke.DirectMethodHandle$Holder.invokeStatic(java.lang.Object)'> (0x000000008705a1f0) 
thrown [t:\workspace\open\src\hotspot\share\interpreter\linkResolver.cpp, line 766]
Event: 2.705 Thread 0x000002667f8759f0 Exception <a 'java/lang/reflect/InvocationTargetException'{0x0000000086f09668}> (0x0000000086f09668) 
thrown [t:\workspace\open\src\hotspot\share\runtime\reflection.cpp, line 1121]
Event: 2.841 Thread 0x000002666ef046b0 Exception <a 'sun/nio/fs/WindowsException'{0x000000008995de88}> (0x000000008995de88) 
thrown [t:\workspace\open\src\hotspot\share\prims\jni.cpp, line 516]
Event: 2.850 Thread 0x000002666ef046b0 Exception <a 'java/lang/NoSuchMethodError'{0x0000000089980cc8}: 'int java.lang.invoke.DirectMethodHandle$Holder.invokeStaticInit(java.lang.Object, java.lang.Object, java.lang.Object, java.lang.Object)'> (0x0000000089980cc8) 
thrown [t:\workspace\open\src\hotspot\share\interpreter\linkResolver.cpp, line 766]
Event: 3.077 Thread 0x000002666ef046b0 Exception <a 'java/lang/NoSuchMethodError'{0x0000000086f8aba0}: 'java.lang.Object java.lang.invoke.DirectMethodHandle$Holder.invokeStaticInit(java.lang.Object, java.lang.Object, java.lang.Object, java.lang.Object)'> (0x0000000086f8aba0) 
thrown [t:\workspace\open\src\hotspot\share\interpreter\linkResolver.cpp, line 766]
Event: 3.216 Thread 0x000002667f8759f0 Exception <a 'java/lang/reflect/InvocationTargetException'{0x0000000085a09708}> (0x0000000085a09708) 
thrown [t:\workspace\open\src\hotspot\share\runtime\reflection.cpp, line 1121]
Event: 3.347 Thread 0x000002666ef046b0 Exception <a 'java/lang/IncompatibleClassChangeError'{0x0000000086ff5ac8}: Found class java.lang.Object, but interface was expected> (0x0000000086ff5ac8) 
thrown [t:\workspace\open\src\hotspot\share\interpreter\linkResolver.cpp, line 833]
Event: 3.360 Thread 0x000002666ef046b0 Exception <a 'java/lang/NoSuchMethodError'{0x0000000086ef7db8}: 'java.lang.Object java.lang.invoke.DirectMethodHandle$Holder.invokeStatic(java.lang.Object, java.lang.Object, int, java.lang.Object)'> (0x0000000086ef7db8) 
thrown [t:\workspace\open\src\hotspot\share\interpreter\linkResolver.cpp, line 766]
Event: 3.360 Thread 0x000002666ef046b0 Exception <a 'java/lang/NoSuchMethodError'{0x0000000086efb850}: 'java.lang.Object java.lang.invoke.DirectMethodHandle$Holder.invokeStaticInit(java.lang.Object, java.lang.Object, int, java.lang.Object)'> (0x0000000086efb850) 
thrown [t:\workspace\open\src\hotspot\share\interpreter\linkResolver.cpp, line 766]

VM Operations (20 events):
Event: 2.338 Executing VM operation: HandshakeAllThreads done
Event: 2.509 Executing VM operation: G1CollectForAllocation
Event: 2.512 Executing VM operation: G1CollectForAllocation done
Event: 2.762 Executing VM operation: CollectForMetadataAllocation
Event: 2.764 Executing VM operation: CollectForMetadataAllocation done
Event: 2.778 Executing VM operation: G1Concurrent
Event: 2.780 Executing VM operation: G1Concurrent done
Event: 2.784 Executing VM operation: G1Concurrent
Event: 2.784 Executing VM operation: G1Concurrent done
Event: 2.842 Executing VM operation: HandshakeAllThreads
Event: 2.842 Executing VM operation: HandshakeAllThreads done
Event: 2.846 Executing VM operation: HandshakeAllThreads
Event: 2.846 Executing VM operation: HandshakeAllThreads done
Event: 2.976 Executing VM operation: HandshakeAllThreads
Event: 2.976 Executing VM operation: HandshakeAllThreads done
Event: 3.225 Executing VM operation: G1CollectForAllocation
Event: 3.229 Executing VM operation: G1CollectForAllocation done
Event: 3.237 Executing VM operation: G1CollectForAllocation
Event: 3.240 Executing VM operation: G1CollectForAllocation done
Event: 3.643 Executing VM operation: G1CollectForAllocation

Events (20 events):
Event: 3.253 loading class sun/security/provider/MD5
Event: 3.254 loading class sun/security/provider/MD5 done
Event: 3.254 loading class sun/security/provider/ByteArrayAccess$LE
Event: 3.254 loading class sun/security/provider/ByteArrayAccess$LE done
Event: 3.289 loading class javax/naming/RefAddr
Event: 3.289 loading class javax/naming/RefAddr done
Event: 3.289 loading class javax/naming/StringRefAddr
Event: 3.289 loading class javax/naming/StringRefAddr done
Event: 3.306 loading class java/util/concurrent/CompletionStage
Event: 3.306 loading class java/util/concurrent/CompletionStage done
Event: 3.307 loading class java/util/concurrent/CompletableFuture
Event: 3.307 loading class java/util/concurrent/CompletableFuture done
Event: 3.307 loading class java/util/concurrent/CompletableFuture$AltResult
Event: 3.307 loading class java/util/concurrent/CompletableFuture$AltResult done
Event: 3.307 loading class java/util/concurrent/CompletableFuture$Completion
Event: 3.307 loading class java/util/concurrent/CompletableFuture$AsynchronousCompletionTask
Event: 3.307 loading class java/util/concurrent/CompletableFuture$AsynchronousCompletionTask done
Event: 3.307 loading class java/util/concurrent/CompletableFuture$Completion done
Event: 3.343 loading class java/util/concurrent/CancellationException
Event: 3.343 loading class java/util/concurrent/CancellationException done


Dynamic libraries:
0x00007ff60c930000 - 0x00007ff60c940000 	C:\Program Files\Java\jdk-17\bin\java.exe
0x00007ffe0c0f0000 - 0x00007ffe0c306000 	C:\WINDOWS\SYSTEM32\ntdll.dll
0x00007ffdb8a90000 - 0x00007ffdb8aa9000 	C:\Program Files\Avast Software\Avast\aswhook.dll
0x00007ffe0aa70000 - 0x00007ffe0ab34000 	C:\WINDOWS\System32\KERNEL32.DLL
0x00007ffe09830000 - 0x00007ffe09bd6000 	C:\WINDOWS\System32\KERNELBASE.dll
0x00007ffe09500000 - 0x00007ffe09611000 	C:\WINDOWS\System32\ucrtbase.dll
0x00007ffddd0c0000 - 0x00007ffddd0d8000 	C:\Program Files\Java\jdk-17\bin\jli.dll
0x00007ffdd77e0000 - 0x00007ffdd77fa000 	C:\Program Files\Java\jdk-17\bin\VCRUNTIME140.dll
0x00007ffe0a450000 - 0x00007ffe0a502000 	C:\WINDOWS\System32\ADVAPI32.dll
0x00007ffe0bcc0000 - 0x00007ffe0bd67000 	C:\WINDOWS\System32\msvcrt.dll
0x00007ffe0a3a0000 - 0x00007ffe0a448000 	C:\WINDOWS\System32\sechost.dll
0x00007ffe09e10000 - 0x00007ffe09e38000 	C:\WINDOWS\System32\bcrypt.dll
0x00007ffe0ad00000 - 0x00007ffe0ae15000 	C:\WINDOWS\System32\RPCRT4.dll
0x00007ffe09e50000 - 0x00007ffe09ffd000 	C:\WINDOWS\System32\USER32.dll
0x00007ffe09430000 - 0x00007ffe09456000 	C:\WINDOWS\System32\win32u.dll
0x00007ffe0aa40000 - 0x00007ffe0aa69000 	C:\WINDOWS\System32\GDI32.dll
0x00007ffde9d00000 - 0x00007ffde9f93000 	C:\WINDOWS\WinSxS\amd64_microsoft.windows.common-controls_6595b64144ccf1df_6.0.22621.3235_none_270f74e173860f98\COMCTL32.dll
0x00007ffe09710000 - 0x00007ffe09828000 	C:\WINDOWS\System32\gdi32full.dll
0x00007ffe09460000 - 0x00007ffe094fa000 	C:\WINDOWS\System32\msvcp_win.dll
0x00007ffdfe0a0000 - 0x00007ffdfe0aa000 	C:\WINDOWS\SYSTEM32\VERSION.dll
0x00007ffe0a590000 - 0x00007ffe0a5c1000 	C:\WINDOWS\System32\IMM32.DLL
0x00007ffdecd70000 - 0x00007ffdecd7c000 	C:\Program Files\Java\jdk-17\bin\vcruntime140_1.dll
0x00007ffdb5360000 - 0x00007ffdb53ed000 	C:\Program Files\Java\jdk-17\bin\msvcp140.dll
0x00007ffdadb80000 - 0x00007ffdae73e000 	C:\Program Files\Java\jdk-17\bin\server\jvm.dll
0x00007ffe0b2b0000 - 0x00007ffe0b2b8000 	C:\WINDOWS\System32\PSAPI.DLL
0x00007ffde2d80000 - 0x00007ffde2d89000 	C:\WINDOWS\SYSTEM32\WSOCK32.dll
0x00007ffdfe2a0000 - 0x00007ffdfe2d4000 	C:\WINDOWS\SYSTEM32\WINMM.dll
0x00007ffe0bec0000 - 0x00007ffe0bf31000 	C:\WINDOWS\System32\WS2_32.dll
0x00007ffe08560000 - 0x00007ffe08578000 	C:\WINDOWS\SYSTEM32\kernel.appcore.dll
0x00007ffde92e0000 - 0x00007ffde92ea000 	C:\Program Files\Java\jdk-17\bin\jimage.dll
0x00007ffe06d60000 - 0x00007ffe06f93000 	C:\WINDOWS\SYSTEM32\DBGHELP.DLL
0x00007ffe0a630000 - 0x00007ffe0a9b8000 	C:\WINDOWS\System32\combase.dll
0x00007ffe0a000000 - 0x00007ffe0a0d7000 	C:\WINDOWS\System32\OLEAUT32.dll
0x00007ffdfbc10000 - 0x00007ffdfbc42000 	C:\WINDOWS\SYSTEM32\dbgcore.DLL
0x00007ffe09690000 - 0x00007ffe0970a000 	C:\WINDOWS\System32\bcryptPrimitives.dll
0x00007ffde6d50000 - 0x00007ffde6d5e000 	C:\Program Files\Java\jdk-17\bin\instrument.dll
0x00007ffdd2470000 - 0x00007ffdd2495000 	C:\Program Files\Java\jdk-17\bin\java.dll
0x00007ffdb5280000 - 0x00007ffdb5356000 	C:\Program Files\Java\jdk-17\bin\svml.dll
0x00007ffe0b2c0000 - 0x00007ffe0bb1d000 	C:\WINDOWS\System32\SHELL32.dll
0x00007ffe07390000 - 0x00007ffe07c88000 	C:\WINDOWS\SYSTEM32\windows.storage.dll
0x00007ffe07250000 - 0x00007ffe0738e000 	C:\WINDOWS\SYSTEM32\wintypes.dll
0x00007ffe0a2a0000 - 0x00007ffe0a393000 	C:\WINDOWS\System32\SHCORE.dll
0x00007ffe0a510000 - 0x00007ffe0a56e000 	C:\WINDOWS\System32\shlwapi.dll
0x00007ffe09360000 - 0x00007ffe09386000 	C:\WINDOWS\SYSTEM32\profapi.dll
0x00007ffdd6440000 - 0x00007ffdd6458000 	C:\Program Files\Java\jdk-17\bin\zip.dll
0x00007ffdd7210000 - 0x00007ffdd7229000 	C:\Program Files\Java\jdk-17\bin\net.dll
0x00007ffe01260000 - 0x00007ffe01397000 	C:\WINDOWS\SYSTEM32\WINHTTP.dll
0x00007ffe089e0000 - 0x00007ffe08a49000 	C:\WINDOWS\system32\mswsock.dll
0x00007ffdd6d40000 - 0x00007ffdd6d55000 	C:\Program Files\Java\jdk-17\bin\nio.dll
0x00007ffdd2a80000 - 0x00007ffdd2a9a000 	C:\Program Files\JetBrains\IntelliJ IDEA 2023.2.2\bin\breakgen64.dll
0x00007ffe07fe0000 - 0x00007ffe080d9000 	C:\WINDOWS\SYSTEM32\DNSAPI.dll
0x00007ffe07fb0000 - 0x00007ffe07fdd000 	C:\WINDOWS\SYSTEM32\IPHLPAPI.DLL
0x00007ffe0b2a0000 - 0x00007ffe0b2a9000 	C:\WINDOWS\System32\NSI.dll
0x000000006ce80000 - 0x000000006cea6000 	C:\Program Files\Bonjour\mdnsNSP.dll
0x00007ffdfc050000 - 0x00007ffdfc05a000 	C:\Windows\System32\rasadhlp.dll
0x00007ffdfe190000 - 0x00007ffdfe213000 	C:\WINDOWS\System32\fwpuclnt.dll
0x00007ffde6cd0000 - 0x00007ffde6cd9000 	C:\Program Files\Java\jdk-17\bin\management.dll
0x00007ffde6580000 - 0x00007ffde658b000 	C:\Program Files\Java\jdk-17\bin\management_ext.dll
0x00007ffe08c30000 - 0x00007ffe08c4b000 	C:\WINDOWS\SYSTEM32\CRYPTSP.dll
0x00007ffe084c0000 - 0x00007ffe084f5000 	C:\WINDOWS\system32\rsaenh.dll
0x00007ffe08ad0000 - 0x00007ffe08afc000 	C:\WINDOWS\SYSTEM32\USERENV.dll
0x00007ffe08c50000 - 0x00007ffe08c5c000 	C:\WINDOWS\SYSTEM32\CRYPTBASE.dll
0x00007ffe01110000 - 0x00007ffe01129000 	C:\WINDOWS\SYSTEM32\dhcpcsvc6.DLL
0x00007ffe00fd0000 - 0x00007ffe00fef000 	C:\WINDOWS\SYSTEM32\dhcpcsvc.DLL
0x00007ffdddc50000 - 0x00007ffdddc67000 	C:\WINDOWS\system32\napinsp.dll
0x00007ffdd77c0000 - 0x00007ffdd77db000 	C:\WINDOWS\system32\pnrpnsp.dll
0x00007ffdd6660000 - 0x00007ffdd6671000 	C:\WINDOWS\System32\winrnr.dll
0x00007ffdd6640000 - 0x00007ffdd6655000 	C:\WINDOWS\system32\wshbth.dll
0x00007ffdd6610000 - 0x00007ffdd6631000 	C:\WINDOWS\system32\nlansp_c.dll
0x00007ffde6090000 - 0x00007ffde609e000 	C:\Program Files\Java\jdk-17\bin\sunmscapi.dll
0x00007ffe09be0000 - 0x00007ffe09d46000 	C:\WINDOWS\System32\CRYPT32.dll
0x00007ffe08dd0000 - 0x00007ffe08dfe000 	C:\WINDOWS\SYSTEM32\ncrypt.dll
0x00007ffe08d90000 - 0x00007ffe08dc7000 	C:\WINDOWS\SYSTEM32\NTASN1.dll
0x00007ffdf1e90000 - 0x00007ffdf1ea0000 	C:\Program Files\Java\jdk-17\bin\verify.dll

dbghelp: loaded successfully - version: 4.0.5 - missing functions: none
symbol engine: initialized successfully - sym options: 0x614 - pdb path: .;C:\Program Files\Java\jdk-17\bin;C:\WINDOWS\SYSTEM32;C:\Program Files\Avast Software\Avast;C:\WINDOWS\WinSxS\amd64_microsoft.windows.common-controls_6595b64144ccf1df_6.0.22621.3235_none_270f74e173860f98;C:\Program Files\Java\jdk-17\bin\server;C:\Program Files\JetBrains\IntelliJ IDEA 2023.2.2\bin;C:\Program Files\Bonjour

VM Arguments:
jvm_args: -XX:TieredStopAtLevel=1 -Dspring.output.ansi.enabled=always -Dcom.sun.management.jmxremote -Dspring.jmx.enabled=true -Dspring.liveBeansView.mbeanDomain -Dspring.application.admin.enabled=true -Dmanagement.endpoints.jmx.exposure.include=* -javaagent:C:\Program Files\JetBrains\IntelliJ IDEA 2023.2.2\lib\idea_rt.jar=58629:C:\Program Files\JetBrains\IntelliJ IDEA 2023.2.2\bin -Dfile.encoding=UTF-8 
java_command: exadel.budgetify.Budgetify.BudgetifyApplication
java_class_path (initial): C:\Users\Temo\Music\Budgetify\Budgetify\target\classes;C:\Users\Temo\.m2\repository\org\springframework\boot\spring-boot-starter-data-jpa\3.2.2\spring-boot-starter-data-jpa-3.2.2.jar;C:\Users\Temo\.m2\repository\org\springframework\boot\spring-boot-starter-aop\3.2.2\spring-boot-starter-aop-3.2.2.jar;C:\Users\Temo\.m2\repository\org\springframework\spring-aop\6.1.3\spring-aop-6.1.3.jar;C:\Users\Temo\.m2\repository\org\aspectj\aspectjweaver\1.9.21\aspectjweaver-1.9.21.jar;C:\Users\Temo\.m2\repository\org\springframework\boot\spring-boot-starter-jdbc\3.2.2\spring-boot-starter-jdbc-3.2.2.jar;C:\Users\Temo\.m2\repository\com\zaxxer\HikariCP\5.0.1\HikariCP-5.0.1.jar;C:\Users\Temo\.m2\repository\org\springframework\spring-jdbc\6.1.3\spring-jdbc-6.1.3.jar;C:\Users\Temo\.m2\repository\org\hibernate\orm\hibernate-core\6.4.1.Final\hibernate-core-6.4.1.Final.jar;C:\Users\Temo\.m2\repository\jakarta\persistence\jakarta.persistence-api\3.1.0\jakarta.persistence-api-3.1.0.jar;C:\Users\Temo\.m2\repository\jakarta\transaction\jakarta.transaction-api\2.0.1\jakarta.transaction-api-2.0.1.jar;C:\Users\Temo\.m2\repository\org\jboss\logging\jboss-logging\3.5.3.Final\jboss-logging-3.5.3.Final.jar;C:\Users\Temo\.m2\repository\org\hibernate\common\hibernate-commons-annotations\6.0.6.Final\hibernate-commons-annotations-6.0.6.Final.jar;C:\Users\Temo\.m2\repository\io\smallrye\jandex\3.1.2\jandex-3.1.2.jar;C:\Users\Temo\.m2\repository\com\fasterxml\classmate\1.6.0\classmate-1.6.0.jar;C:\Users\Temo\.m2\repository\net\bytebuddy\byte-buddy\1.14.11\byte-buddy-1.14.11.jar;C:\Users\Temo\.m2\repository\org\glassfish\jaxb\jaxb-runtime\4.0.4\jaxb-runtime-4.0.4.jar;C:\Users\Temo\.m2\repository\org\glassfish\jaxb\jaxb-core\4.0.4\jaxb-core-4.0.4.jar;C:\Users\Temo\.m2\repository\org\eclipse\angus\angus-activation\2.0.1\angus-activation-2.0.1.jar;C:\Users\Temo\.m2\repository\org\glassfish\jaxb\txw2\4.0.4\txw2-4.0.4.jar;C:\Users\Temo\.m2\repository\com\sun\istack\istack-commons-ru
Launcher Type: SUN_STANDARD

[Global flags]
     intx CICompilerCount                          = 4                                         {product} {ergonomic}
     uint ConcGCThreads                            = 2                                         {product} {ergonomic}
     uint G1ConcRefinementThreads                  = 8                                         {product} {ergonomic}
   size_t G1HeapRegionSize                         = 1048576                                   {product} {ergonomic}
    uintx GCDrainStackTargetSize                   = 64                                        {product} {ergonomic}
   size_t InitialHeapSize                          = 132120576                                 {product} {ergonomic}
     bool ManagementServer                         = true                                      {product} {command line}
   size_t MarkStackSize                            = 4194304                                   {product} {ergonomic}
   size_t MaxHeapSize                              = 2086666240                                {product} {ergonomic}
   size_t MaxNewSize                               = 1251999744                                {product} {ergonomic}
   size_t MinHeapDeltaBytes                        = 1048576                                   {product} {ergonomic}
   size_t MinHeapSize                              = 8388608                                   {product} {ergonomic}
    uintx NonProfiledCodeHeapSize                  = 0                                      {pd product} {ergonomic}
     bool ProfileInterpreter                       = false                                  {pd product} {command line}
    uintx ProfiledCodeHeapSize                     = 0                                      {pd product} {ergonomic}
   size_t SoftMaxHeapSize                          = 2086666240                             {manageable} {ergonomic}
     intx TieredStopAtLevel                        = 1                                         {product} {command line}
     bool UseCompressedClassPointers               = true                           {product lp64_product} {ergonomic}
     bool UseCompressedOops                        = true                           {product lp64_product} {ergonomic}
     bool UseG1GC                                  = true                                      {product} {ergonomic}
     bool UseLargePagesIndividualAllocation        = false                                  {pd product} {ergonomic}

Logging:
Log output configuration:
 #0: stdout all=warning uptime,level,tags
 #1: stderr all=off uptime,level,tags

Environment Variables:
PATH=C:\Program Files\Common Files\Oracle\Java\javapath;C:\WINDOWS\system32;C:\WINDOWS;C:\WINDOWS\System32\Wbem;C:\WINDOWS\System32\WindowsPowerShell\v1.0\;C:\WINDOWS\System32\OpenSSH\;C:\Users\Temo\AppData\Local\Programs\Python\Python39;C:\composer;C:\Program Files\Git\cmd;C:\Program Files\nodejs\;C:\Program Files\Microsoft SQL Server\150\Tools\Binn\;C:\Program Files (x86)\Microsoft SQL Server\110\Tools\Binn\;C:\Program Files\Microsoft SQL Server\110\Tools\Binn\;C:\Program Files\Microsoft SQL Server\110\DTS\Binn\;C:\Users\Temo\AppData\Local\Microsoft\WindowsApps;C:\Users\Temo\AppData\Local\Programs\Microsoft VS Code\bin;C:\php;C:\Users\Temo\AppData\Roaming\Composer\vendor\bin;C:\Users\Temo\composer;C:\Users\Temo\AppData\Local\Microsoft\WindowsApps;C:\Users\Temo\AppData\Local\Programs\Hyper\resources\bin;C:\Users\Temo\AppData\Roaming\npm;C:\Users\Temo\.dotnet\tools
USERNAME=Temo
OS=Windows_NT
PROCESSOR_IDENTIFIER=Intel64 Family 6 Model 140 Stepping 1, GenuineIntel



---------------  S Y S T E M  ---------------

OS:
 Windows 10 , 64 bit Build 22621 (10.0.22621.3235)
OS uptime: 11 days 16:02 hours

CPU: total 8 (initial active 8) (4 cores per cpu, 2 threads per core) family 6 model 140 stepping 1 microcode 0xac, cx8, cmov, fxsr, ht, mmx, 3dnowpref, sse, sse2, sse3, ssse3, sse4.1, sse4.2, popcnt, lzcnt, tsc, tscinvbit, avx, avx2, aes, erms, clmul, bmi1, bmi2, adx, avx512f, avx512dq, avx512cd, avx512bw, avx512vl, sha, fma, vzeroupper, avx512_vpopcntdq, avx512_vpclmulqdq, avx512_vaes, avx512_vnni, clflush, clflushopt, clwb, avx512_vbmi2, avx512_vbmi

Memory: 4k page, system-wide physical 7957M (394M free)
TotalPageFile size 32533M (AvailPageFile size 19M)
current process WorkingSet (physical memory assigned to process): 190M, peak: 190M
current process commit charge ("private bytes"): 228M, peak: 260M

vm_info: Java HotSpot(TM) 64-Bit Server VM (17+35-LTS-2724) for windows-amd64 JRE (17+35-LTS-2724), built on Aug  5 2021 23:28:28 by "mach5one" with MS VC++ 16.8 (VS2019)

END.
